2018.07.17 19:19:55
 Имя: qwewq 
 Телефон: qweqweq 
 Адрес страницы: http://lesson.nine/ 

2018.07.17 19:20:08
 Имя: dsadas 
 Телефон: asdasda 
 Адрес страницы: http://lesson.nine/ 

2018.07.17 19:20:12
 Имя: adssa 
 Телефон: asdasd 
 Адрес страницы: http://lesson.nine/ 

2018.07.17 19:22:03
 Имя: wqeqwe 
 Телефон: qweqw 
 Адрес страницы: http://lesson.nine/ 

2018.07.17 19:26:58
 Имя: dasd 
 Телефон: asdasd 
 Дополнительная информация: Услуга 1 
 Адрес страницы: http://lesson.nine/ 

2018.07.17 19:27:50
 Имя: asd 
 Телефон: asd 
 Дополнительная информация: Услуга 1 
 Адрес страницы: http://lesson.nine/ 

2018.07.17 19:28:00
 Имя: asdas 
 Телефон: asdasdad 
 Дополнительная информация: Услуга 4 
 Адрес страницы: http://lesson.nine/ 

2018.07.17 19:34:37
 Имя: Olga 
 Телефон: sdfsd 
 Почта: sada@less.ru 
 Сообщение: sdfsd 
 Адрес страницы: http://lesson.nine/ 

2018.07.17 19:45:33
 Имя: Olga 
 Телефон: 656565 
 Почта: danieldrugakov@gmail.com 
 Сообщение: 232132 
 Адрес страницы: http://lesson.nine/ 

2018.07.17 20:04:13
Имя: значение не указано 
 Телефон: dasdsad 
 Почта: info@sundelight.by 
Сообщение: значение не указано 
 Адрес страницы: http://lesson.nine/ 

2018.07.17 20:13:53
 Имя: qweqweqwe 
 Телефон: 123123 
Почта: значение не указано 
Сообщение: значение не указано 
 Адрес страницы: http://lesson.nine/ 

2018.07.17 20:19:50
 Имя: MC7777777 
 Телефон: 2312312 
Почта: значение не указано 
Сообщение: значение не указано 
 Адрес страницы: http://lesson.nine/ 

2018.07.17 21:07:31
 Телефон: +333фывфывф 
 Адрес страницы: http://lesson.nine/#lp-fb3 

2018.07.17 21:10:52
 Телефон: +375(44)743-43-80 
 Адрес страницы: http://lesson.nine/#lp-fb3 

2018.07.17 21:11:00
 Телефон: ывфывфыв 
 Адрес страницы: http://lesson.nine/#lp-fb3 

2018.07.17 21:20:14
 Телефон: +375(asdasdad) 
 Адрес страницы: http://lesson.nine/ 

2018.07.17 21:22:48
 Телефон: sdasda 
 Адрес страницы: http://lesson.nine/ 

2019.03.22 15:56:48
 Имя: енрголшдж 
 Телефон: 963 
 Адрес страницы: http://darina/ 

2019.03.22 17:23:37
 Имя: ghjkl 
 Телефон: 963 
 Адрес страницы: http://www.delo24.by/index.html 

